<?xml version="1.0" encoding="UTF-8"?>
<robot generator="Robot 7.3.2 (Python 3.12.3 on linux)" generated="2025-11-16T19:07:29.306466" rpa="false" schemaversion="5">
<suite id="s1" name="Tests" source="/home/perkkale/webcounter/src/tests">
<suite id="s1-s1" name="Increment" source="/home/perkkale/webcounter/src/tests/increment.robot">
<kw name="Open And Configure Browser" owner="resource" type="SETUP">
<if>
<branch type="IF" condition="$BROWSER == 'chrome'">
<kw name="Evaluate" owner="BuiltIn">
<var>${options}</var>
<arg>sys.modules['selenium.webdriver'].ChromeOptions()</arg>
<arg>sys</arg>
<doc>Evaluates the given expression in Python and returns the result.</doc>
<status status="NOT RUN" start="2025-11-16T19:07:29.409285" elapsed="0.000032"/>
</kw>
<kw name="Call Method" owner="BuiltIn">
<arg>${options}</arg>
<arg>add_argument</arg>
<arg>--incognito</arg>
<doc>Calls the named method of the given object with the provided arguments.</doc>
<status status="NOT RUN" start="2025-11-16T19:07:29.409420" elapsed="0.000023"/>
</kw>
<status status="NOT RUN" start="2025-11-16T19:07:29.408845" elapsed="0.000634"/>
</branch>
<branch type="ELSE IF" condition="$BROWSER == 'firefox'">
<kw name="Evaluate" owner="BuiltIn">
<msg time="2025-11-16T19:07:29.409894" level="INFO">${options} = &lt;selenium.webdriver.firefox.options.Options object at 0x796ba3afe930&gt;</msg>
<var>${options}</var>
<arg>sys.modules['selenium.webdriver'].FirefoxOptions()</arg>
<arg>sys</arg>
<doc>Evaluates the given expression in Python and returns the result.</doc>
<status status="PASS" start="2025-11-16T19:07:29.409662" elapsed="0.000262"/>
</kw>
<kw name="Call Method" owner="BuiltIn">
<arg>${options}</arg>
<arg>add_argument</arg>
<arg>--private-window</arg>
<doc>Calls the named method of the given object with the provided arguments.</doc>
<status status="PASS" start="2025-11-16T19:07:29.410003" elapsed="0.000119"/>
</kw>
<status status="PASS" start="2025-11-16T19:07:29.409515" elapsed="0.000642"/>
</branch>
<status status="PASS" start="2025-11-16T19:07:29.408823" elapsed="0.001366"/>
</if>
<if>
<branch type="IF" condition="$HEADLESS == 'true'">
<kw name="Set Selenium Speed" owner="SeleniumLibrary">
<arg>0.05 seconds</arg>
<doc>Sets the delay that is waited after each Selenium command.</doc>
<status status="NOT RUN" start="2025-11-16T19:07:29.410353" elapsed="0.000017"/>
</kw>
<kw name="Call Method" owner="BuiltIn">
<arg>${options}</arg>
<arg>add_argument</arg>
<arg>--headless</arg>
<doc>Calls the named method of the given object with the provided arguments.</doc>
<status status="NOT RUN" start="2025-11-16T19:07:29.410428" elapsed="0.000015"/>
</kw>
<status status="NOT RUN" start="2025-11-16T19:07:29.410233" elapsed="0.000236"/>
</branch>
<branch type="ELSE">
<kw name="Set Selenium Speed" owner="SeleniumLibrary">
<arg>${DELAY}</arg>
<doc>Sets the delay that is waited after each Selenium command.</doc>
<status status="PASS" start="2025-11-16T19:07:29.410544" elapsed="0.000171"/>
</kw>
<status status="PASS" start="2025-11-16T19:07:29.410490" elapsed="0.000252"/>
</branch>
<status status="PASS" start="2025-11-16T19:07:29.410221" elapsed="0.000544"/>
</if>
<kw name="Open Browser" owner="SeleniumLibrary">
<msg time="2025-11-16T19:07:29.410998" level="INFO">Opening browser 'firefox' to base url 'None'.</msg>
<arg>browser=${BROWSER}</arg>
<arg>options=${options}</arg>
<doc>Opens a new browser instance to the optional ``url``.</doc>
<status status="PASS" start="2025-11-16T19:07:29.410830" elapsed="1.744204"/>
</kw>
<status status="PASS" start="2025-11-16T19:07:29.408633" elapsed="1.746596"/>
</kw>
<test id="s1-s1-t1" name="At start the counter is zero" line="13">
<kw name="Go To" owner="SeleniumLibrary">
<msg time="2025-11-16T19:07:31.156715" level="INFO">Opening url 'http://localhost:5001'</msg>
<arg>${HOME_URL}</arg>
<doc>Navigates the current browser window to the provided ``url``.</doc>
<status status="PASS" start="2025-11-16T19:07:31.156466" elapsed="0.609028"/>
</kw>
<kw name="Title Should Be" owner="SeleniumLibrary">
<msg time="2025-11-16T19:07:32.270961" level="INFO">Page title is 'Laskuri'.</msg>
<arg>Laskuri</arg>
<doc>Verifies that the current page title equals ``title``.</doc>
<status status="PASS" start="2025-11-16T19:07:31.766061" elapsed="0.505544"/>
</kw>
<kw name="Page Should Contain" owner="SeleniumLibrary">
<msg time="2025-11-16T19:07:33.300721" level="INFO">Current page contains text 'nappia painettu 0 kertaa'.</msg>
<arg>nappia painettu 0 kertaa</arg>
<doc>Verifies that current page contains ``text``.</doc>
<status status="PASS" start="2025-11-16T19:07:32.272360" elapsed="1.028665"/>
</kw>
<status status="PASS" start="2025-11-16T19:07:31.155345" elapsed="2.146252"/>
</test>
<test id="s1-s1-t2" name="When button pressed twice the counter is two" line="18">
<kw name="Reset Counter To Zero">
<kw name="Go To" owner="SeleniumLibrary">
<msg time="2025-11-16T19:07:33.304246" level="INFO">Opening url 'http://localhost:5001'</msg>
<arg>${HOME_URL}</arg>
<doc>Navigates the current browser window to the provided ``url``.</doc>
<status status="PASS" start="2025-11-16T19:07:33.303914" elapsed="0.537643"/>
</kw>
<kw name="Click Button" owner="SeleniumLibrary">
<msg time="2025-11-16T19:07:33.843153" level="INFO">Clicking button 'Nollaa'.</msg>
<arg>Nollaa</arg>
<doc>Clicks the button identified by ``locator``.</doc>
<status status="PASS" start="2025-11-16T19:07:33.842148" elapsed="2.069423"/>
</kw>
<kw name="Page Should Contain" owner="SeleniumLibrary">
<msg time="2025-11-16T19:07:36.926148" level="INFO">Current page contains text 'nappia painettu 0 kertaa'.</msg>
<arg>nappia painettu 0 kertaa</arg>
<doc>Verifies that current page contains ``text``.</doc>
<status status="PASS" start="2025-11-16T19:07:35.912216" elapsed="1.014229"/>
</kw>
<status status="PASS" start="2025-11-16T19:07:33.303302" elapsed="3.623425"/>
</kw>
<kw name="Click Button" owner="SeleniumLibrary">
<msg time="2025-11-16T19:07:36.927661" level="INFO">Clicking button 'Paina'.</msg>
<arg>Paina</arg>
<doc>Clicks the button identified by ``locator``.</doc>
<status status="PASS" start="2025-11-16T19:07:36.927208" elapsed="2.060689"/>
</kw>
<kw name="Click Button" owner="SeleniumLibrary">
<msg time="2025-11-16T19:07:38.988981" level="INFO">Clicking button 'Paina'.</msg>
<arg>Paina</arg>
<doc>Clicks the button identified by ``locator``.</doc>
<status status="PASS" start="2025-11-16T19:07:38.988496" elapsed="2.067024"/>
</kw>
<kw name="Page Should Contain" owner="SeleniumLibrary">
<msg time="2025-11-16T19:07:42.069687" level="INFO">Current page contains text 'nappia painettu 2 kertaa'.</msg>
<arg>nappia painettu 2 kertaa</arg>
<doc>Verifies that current page contains ``text``.</doc>
<status status="PASS" start="2025-11-16T19:07:41.056554" elapsed="1.013377"/>
</kw>
<status status="PASS" start="2025-11-16T19:07:33.302248" elapsed="8.768161"/>
</test>
<test id="s1-s1-t3" name="Reset button works" line="24">
<kw name="Reset Counter To Zero">
<kw name="Go To" owner="SeleniumLibrary">
<msg time="2025-11-16T19:07:42.073483" level="INFO">Opening url 'http://localhost:5001'</msg>
<arg>${HOME_URL}</arg>
<doc>Navigates the current browser window to the provided ``url``.</doc>
<status status="PASS" start="2025-11-16T19:07:42.073115" elapsed="0.531961"/>
</kw>
<kw name="Click Button" owner="SeleniumLibrary">
<msg time="2025-11-16T19:07:42.606260" level="INFO">Clicking button 'Nollaa'.</msg>
<arg>Nollaa</arg>
<doc>Clicks the button identified by ``locator``.</doc>
<status status="PASS" start="2025-11-16T19:07:42.605717" elapsed="2.058941"/>
</kw>
<kw name="Page Should Contain" owner="SeleniumLibrary">
<msg time="2025-11-16T19:07:45.677491" level="INFO">Current page contains text 'nappia painettu 0 kertaa'.</msg>
<arg>nappia painettu 0 kertaa</arg>
<doc>Verifies that current page contains ``text``.</doc>
<status status="PASS" start="2025-11-16T19:07:44.665212" elapsed="1.012615"/>
</kw>
<status status="PASS" start="2025-11-16T19:07:42.072388" elapsed="3.605781"/>
</kw>
<kw name="Click Button" owner="SeleniumLibrary">
<msg time="2025-11-16T19:07:45.679222" level="INFO">Clicking button 'Paina'.</msg>
<arg>Paina</arg>
<doc>Clicks the button identified by ``locator``.</doc>
<status status="PASS" start="2025-11-16T19:07:45.678692" elapsed="2.063692"/>
</kw>
<kw name="Click Button" owner="SeleniumLibrary">
<msg time="2025-11-16T19:07:47.743786" level="INFO">Clicking button 'Nollaa'.</msg>
<arg>Nollaa</arg>
<doc>Clicks the button identified by ``locator``.</doc>
<status status="PASS" start="2025-11-16T19:07:47.743240" elapsed="2.080256"/>
</kw>
<kw name="Page Should Contain" owner="SeleniumLibrary">
<msg time="2025-11-16T19:07:50.836340" level="INFO">Current page contains text 'nappia painettu 0 kertaa'.</msg>
<arg>nappia painettu 0 kertaa</arg>
<doc>Verifies that current page contains ``text``.</doc>
<status status="PASS" start="2025-11-16T19:07:49.823988" elapsed="1.012591"/>
</kw>
<status status="PASS" start="2025-11-16T19:07:42.070995" elapsed="8.766022"/>
</test>
<test id="s1-s1-t4" name="Setting a value works" line="30">
<kw name="Reset Counter To Zero">
<kw name="Go To" owner="SeleniumLibrary">
<msg time="2025-11-16T19:07:50.839223" level="INFO">Opening url 'http://localhost:5001'</msg>
<arg>${HOME_URL}</arg>
<doc>Navigates the current browser window to the provided ``url``.</doc>
<status status="PASS" start="2025-11-16T19:07:50.838871" elapsed="0.522848"/>
</kw>
<kw name="Click Button" owner="SeleniumLibrary">
<msg time="2025-11-16T19:07:51.363268" level="INFO">Clicking button 'Nollaa'.</msg>
<arg>Nollaa</arg>
<doc>Clicks the button identified by ``locator``.</doc>
<status status="PASS" start="2025-11-16T19:07:51.362573" elapsed="2.066418"/>
</kw>
<kw name="Page Should Contain" owner="SeleniumLibrary">
<msg time="2025-11-16T19:07:54.442618" level="INFO">Current page contains text 'nappia painettu 0 kertaa'.</msg>
<arg>nappia painettu 0 kertaa</arg>
<doc>Verifies that current page contains ``text``.</doc>
<status status="PASS" start="2025-11-16T19:07:53.429569" elapsed="1.013407"/>
</kw>
<status status="PASS" start="2025-11-16T19:07:50.838273" elapsed="3.605026"/>
</kw>
<kw name="Input Text" owner="SeleniumLibrary">
<msg time="2025-11-16T19:07:54.444541" level="INFO">Typing text '10' into text field 'value'.</msg>
<arg>value</arg>
<arg>10</arg>
<doc>Types the given ``text`` into the text field identified by ``locator``.</doc>
<status status="PASS" start="2025-11-16T19:07:54.443818" elapsed="1.549769"/>
</kw>
<kw name="Click Button" owner="SeleniumLibrary">
<msg time="2025-11-16T19:07:55.994808" level="INFO">Clicking button 'Aseta'.</msg>
<arg>Aseta</arg>
<doc>Clicks the button identified by ``locator``.</doc>
<status status="PASS" start="2025-11-16T19:07:55.994318" elapsed="2.066304"/>
</kw>
<kw name="Page Should Contain" owner="SeleniumLibrary">
<msg time="2025-11-16T19:07:59.075388" level="INFO">Current page contains text 'nappia painettu 10 kertaa'.</msg>
<arg>nappia painettu 10 kertaa</arg>
<doc>Verifies that current page contains ``text``.</doc>
<status status="PASS" start="2025-11-16T19:07:58.061721" elapsed="1.013989"/>
</kw>
<status status="PASS" start="2025-11-16T19:07:50.837481" elapsed="8.238850"/>
</test>
<kw name="Close Browser" owner="SeleniumLibrary" type="TEARDOWN">
<doc>Closes the current browser.</doc>
<status status="PASS" start="2025-11-16T19:07:59.078421" elapsed="1.127934"/>
</kw>
<status status="PASS" start="2025-11-16T19:07:29.321576" elapsed="30.884843"/>
</suite>
<status status="PASS" start="2025-11-16T19:07:29.307154" elapsed="30.899677"/>
</suite>
<statistics>
<total>
<stat pass="4" fail="0" skip="0">All Tests</stat>
</total>
<tag>
</tag>
<suite>
<stat name="Tests" id="s1" pass="4" fail="0" skip="0">Tests</stat>
<stat name="Increment" id="s1-s1" pass="4" fail="0" skip="0">Tests.Increment</stat>
</suite>
</statistics>
<errors>
</errors>
</robot>
